{"/Users/julian.schobert/git/Finance-API/src/app.js": {"path":"/Users/julian.schobert/git/Finance-API/src/app.js","statementMap":{"0":{"start":{"line":1,"column":16},"end":{"line":1,"column":34}},"1":{"start":{"line":2,"column":23},"end":{"line":2,"column":51}},"2":{"start":{"line":3,"column":24},"end":{"line":3,"column":53}},"3":{"start":{"line":4,"column":21},"end":{"line":4,"column":47}},"4":{"start":{"line":6,"column":12},"end":{"line":6,"column":21}},"5":{"start":{"line":7,"column":13},"end":{"line":7,"column":37}},"6":{"start":{"line":9,"column":0},"end":{"line":9,"column":24}},"7":{"start":{"line":11,"column":0},"end":{"line":13,"column":3}},"8":{"start":{"line":12,"column":2},"end":{"line":12,"column":83}},"9":{"start":{"line":15,"column":0},"end":{"line":21,"column":3}},"10":{"start":{"line":16,"column":2},"end":{"line":20,"column":5}},"11":{"start":{"line":23,"column":0},"end":{"line":23,"column":37}},"12":{"start":{"line":24,"column":0},"end":{"line":24,"column":39}},"13":{"start":{"line":25,"column":0},"end":{"line":25,"column":33}},"14":{"start":{"line":27,"column":0},"end":{"line":40,"column":3}},"15":{"start":{"line":28,"column":2},"end":{"line":39,"column":5}},"16":{"start":{"line":42,"column":0},"end":{"line":46,"column":1}},"17":{"start":{"line":43,"column":2},"end":{"line":45,"column":5}},"18":{"start":{"line":44,"column":4},"end":{"line":44,"column":57}},"19":{"start":{"line":48,"column":0},"end":{"line":48,"column":21}}},"fnMap":{"0":{"name":"(anonymous_0)","decl":{"start":{"line":11,"column":19},"end":{"line":11,"column":20}},"loc":{"start":{"line":11,"column":33},"end":{"line":13,"column":1}},"line":11},"1":{"name":"(anonymous_1)","decl":{"start":{"line":15,"column":20},"end":{"line":15,"column":21}},"loc":{"start":{"line":15,"column":34},"end":{"line":21,"column":1}},"line":15},"2":{"name":"(anonymous_2)","decl":{"start":{"line":27,"column":13},"end":{"line":27,"column":14}},"loc":{"start":{"line":27,"column":27},"end":{"line":40,"column":1}},"line":27},"3":{"name":"(anonymous_3)","decl":{"start":{"line":43,"column":19},"end":{"line":43,"column":20}},"loc":{"start":{"line":43,"column":25},"end":{"line":45,"column":3}},"line":43}},"branchMap":{"0":{"loc":{"start":{"line":7,"column":13},"end":{"line":7,"column":37}},"type":"binary-expr","locations":[{"start":{"line":7,"column":13},"end":{"line":7,"column":29}},{"start":{"line":7,"column":33},"end":{"line":7,"column":37}}],"line":7},"1":{"loc":{"start":{"line":42,"column":0},"end":{"line":46,"column":1}},"type":"if","locations":[{"start":{"line":42,"column":0},"end":{"line":46,"column":1}},{"start":{},"end":{}}],"line":42}},"s":{"0":4,"1":4,"2":4,"3":4,"4":4,"5":4,"6":4,"7":4,"8":0,"9":4,"10":0,"11":4,"12":4,"13":4,"14":4,"15":1,"16":4,"17":0,"18":0,"19":4},"f":{"0":0,"1":0,"2":1,"3":0},"b":{"0":[4,4],"1":[0,4]},"_coverageSchema":"1a1c01bbd47fc00a2c39e90264f33305004495a9","hash":"0b44d261af0cab5dda2e5124ae6dddb32bf307df"}
,"/Users/julian.schobert/git/Finance-API/src/routes/accounts.js": {"path":"/Users/julian.schobert/git/Finance-API/src/routes/accounts.js","statementMap":{"0":{"start":{"line":1,"column":16},"end":{"line":1,"column":34}},"1":{"start":{"line":2,"column":75},"end":{"line":2,"column":112}},"2":{"start":{"line":4,"column":15},"end":{"line":4,"column":31}},"3":{"start":{"line":6,"column":0},"end":{"line":9,"column":3}},"4":{"start":{"line":7,"column":19},"end":{"line":7,"column":33}},"5":{"start":{"line":8,"column":2},"end":{"line":8,"column":56}},"6":{"start":{"line":11,"column":0},"end":{"line":16,"column":3}},"7":{"start":{"line":12,"column":13},"end":{"line":12,"column":34}},"8":{"start":{"line":13,"column":18},"end":{"line":13,"column":36}},"9":{"start":{"line":14,"column":2},"end":{"line":14,"column":76}},"10":{"start":{"line":14,"column":16},"end":{"line":14,"column":76}},"11":{"start":{"line":15,"column":2},"end":{"line":15,"column":20}},"12":{"start":{"line":18,"column":0},"end":{"line":24,"column":3}},"13":{"start":{"line":19,"column":13},"end":{"line":19,"column":34}},"14":{"start":{"line":20,"column":18},"end":{"line":20,"column":36}},"15":{"start":{"line":21,"column":2},"end":{"line":21,"column":76}},"16":{"start":{"line":21,"column":16},"end":{"line":21,"column":76}},"17":{"start":{"line":22,"column":15},"end":{"line":22,"column":35}},"18":{"start":{"line":23,"column":2},"end":{"line":23,"column":48}},"19":{"start":{"line":26,"column":0},"end":{"line":41,"column":3}},"20":{"start":{"line":27,"column":13},"end":{"line":27,"column":34}},"21":{"start":{"line":28,"column":56},"end":{"line":28,"column":64}},"22":{"start":{"line":30,"column":2},"end":{"line":32,"column":3}},"23":{"start":{"line":31,"column":4},"end":{"line":31,"column":79}},"24":{"start":{"line":33,"column":2},"end":{"line":35,"column":3}},"25":{"start":{"line":34,"column":4},"end":{"line":34,"column":77}},"26":{"start":{"line":37,"column":17},"end":{"line":37,"column":82}},"27":{"start":{"line":38,"column":2},"end":{"line":38,"column":75}},"28":{"start":{"line":38,"column":15},"end":{"line":38,"column":75}},"29":{"start":{"line":40,"column":2},"end":{"line":40,"column":31}},"30":{"start":{"line":43,"column":0},"end":{"line":43,"column":24}}},"fnMap":{"0":{"name":"(anonymous_0)","decl":{"start":{"line":6,"column":16},"end":{"line":6,"column":17}},"loc":{"start":{"line":6,"column":30},"end":{"line":9,"column":1}},"line":6},"1":{"name":"(anonymous_1)","decl":{"start":{"line":11,"column":19},"end":{"line":11,"column":20}},"loc":{"start":{"line":11,"column":33},"end":{"line":16,"column":1}},"line":11},"2":{"name":"(anonymous_2)","decl":{"start":{"line":18,"column":32},"end":{"line":18,"column":33}},"loc":{"start":{"line":18,"column":46},"end":{"line":24,"column":1}},"line":18},"3":{"name":"(anonymous_3)","decl":{"start":{"line":26,"column":33},"end":{"line":26,"column":34}},"loc":{"start":{"line":26,"column":47},"end":{"line":41,"column":1}},"line":26}},"branchMap":{"0":{"loc":{"start":{"line":14,"column":2},"end":{"line":14,"column":76}},"type":"if","locations":[{"start":{"line":14,"column":2},"end":{"line":14,"column":76}},{"start":{},"end":{}}],"line":14},"1":{"loc":{"start":{"line":21,"column":2},"end":{"line":21,"column":76}},"type":"if","locations":[{"start":{"line":21,"column":2},"end":{"line":21,"column":76}},{"start":{},"end":{}}],"line":21},"2":{"loc":{"start":{"line":30,"column":2},"end":{"line":32,"column":3}},"type":"if","locations":[{"start":{"line":30,"column":2},"end":{"line":32,"column":3}},{"start":{},"end":{}}],"line":30},"3":{"loc":{"start":{"line":30,"column":6},"end":{"line":30,"column":50}},"type":"binary-expr","locations":[{"start":{"line":30,"column":6},"end":{"line":30,"column":11}},{"start":{"line":30,"column":15},"end":{"line":30,"column":50}}],"line":30},"4":{"loc":{"start":{"line":33,"column":2},"end":{"line":35,"column":3}},"type":"if","locations":[{"start":{"line":33,"column":2},"end":{"line":35,"column":3}},{"start":{},"end":{}}],"line":33},"5":{"loc":{"start":{"line":33,"column":6},"end":{"line":33,"column":47}},"type":"binary-expr","locations":[{"start":{"line":33,"column":6},"end":{"line":33,"column":32}},{"start":{"line":33,"column":36},"end":{"line":33,"column":47}}],"line":33},"6":{"loc":{"start":{"line":38,"column":2},"end":{"line":38,"column":75}},"type":"if","locations":[{"start":{"line":38,"column":2},"end":{"line":38,"column":75}},{"start":{},"end":{}}],"line":38}},"s":{"0":4,"1":4,"2":4,"3":4,"4":1,"5":1,"6":4,"7":0,"8":0,"9":0,"10":0,"11":0,"12":4,"13":0,"14":0,"15":0,"16":0,"17":0,"18":0,"19":4,"20":1,"21":1,"22":1,"23":0,"24":1,"25":0,"26":1,"27":1,"28":0,"29":1,"30":4},"f":{"0":1,"1":0,"2":0,"3":1},"b":{"0":[0,0],"1":[0,0],"2":[0,1],"3":[1,1],"4":[0,1],"5":[1,1],"6":[0,1]},"_coverageSchema":"1a1c01bbd47fc00a2c39e90264f33305004495a9","hash":"3ad27ba514dd13a563b87e052a0e47576fb0dbf6"}
,"/Users/julian.schobert/git/Finance-API/src/routes/portfolio.js": {"path":"/Users/julian.schobert/git/Finance-API/src/routes/portfolio.js","statementMap":{"0":{"start":{"line":1,"column":16},"end":{"line":1,"column":34}},"1":{"start":{"line":2,"column":25},"end":{"line":2,"column":64}},"2":{"start":{"line":3,"column":21},"end":{"line":3,"column":56}},"3":{"start":{"line":5,"column":15},"end":{"line":5,"column":31}},"4":{"start":{"line":7,"column":0},"end":{"line":17,"column":3}},"5":{"start":{"line":8,"column":20},"end":{"line":8,"column":34}},"6":{"start":{"line":9,"column":19},"end":{"line":14,"column":4}},"7":{"start":{"line":10,"column":14},"end":{"line":10,"column":32}},"8":{"start":{"line":11,"column":18},"end":{"line":11,"column":36}},"9":{"start":{"line":12,"column":18},"end":{"line":12,"column":72}},"10":{"start":{"line":13,"column":4},"end":{"line":13,"column":107}},"11":{"start":{"line":15,"column":21},"end":{"line":15,"column":79}},"12":{"start":{"line":15,"column":49},"end":{"line":15,"column":75}},"13":{"start":{"line":16,"column":2},"end":{"line":16,"column":102}},"14":{"start":{"line":19,"column":0},"end":{"line":19,"column":24}}},"fnMap":{"0":{"name":"(anonymous_0)","decl":{"start":{"line":7,"column":16},"end":{"line":7,"column":17}},"loc":{"start":{"line":7,"column":30},"end":{"line":17,"column":1}},"line":7},"1":{"name":"(anonymous_1)","decl":{"start":{"line":9,"column":43},"end":{"line":9,"column":44}},"loc":{"start":{"line":9,"column":50},"end":{"line":14,"column":3}},"line":9},"2":{"name":"(anonymous_2)","decl":{"start":{"line":15,"column":37},"end":{"line":15,"column":38}},"loc":{"start":{"line":15,"column":49},"end":{"line":15,"column":75}},"line":15}},"branchMap":{"0":{"loc":{"start":{"line":11,"column":18},"end":{"line":11,"column":36}},"type":"cond-expr","locations":[{"start":{"line":11,"column":22},"end":{"line":11,"column":29}},{"start":{"line":11,"column":32},"end":{"line":11,"column":36}}],"line":11},"1":{"loc":{"start":{"line":12,"column":18},"end":{"line":12,"column":72}},"type":"cond-expr","locations":[{"start":{"line":12,"column":26},"end":{"line":12,"column":65}},{"start":{"line":12,"column":68},"end":{"line":12,"column":72}}],"line":12},"2":{"loc":{"start":{"line":13,"column":69},"end":{"line":13,"column":104}},"type":"cond-expr","locations":[{"start":{"line":13,"column":73},"end":{"line":13,"column":83}},{"start":{"line":13,"column":86},"end":{"line":13,"column":104}}],"line":13},"3":{"loc":{"start":{"line":15,"column":56},"end":{"line":15,"column":74}},"type":"binary-expr","locations":[{"start":{"line":15,"column":56},"end":{"line":15,"column":69}},{"start":{"line":15,"column":73},"end":{"line":15,"column":74}}],"line":15}},"s":{"0":4,"1":4,"2":4,"3":4,"4":4,"5":1,"6":1,"7":3,"8":3,"9":3,"10":3,"11":1,"12":3,"13":1,"14":4},"f":{"0":1,"1":3,"2":3},"b":{"0":[3,0],"1":[3,0],"2":[3,0],"3":[3,0]},"_coverageSchema":"1a1c01bbd47fc00a2c39e90264f33305004495a9","hash":"89b7b52b652339d77d84045260b79262717d59d1"}
,"/Users/julian.schobert/git/Finance-API/src/routes/quotes.js": {"path":"/Users/julian.schobert/git/Finance-API/src/routes/quotes.js","statementMap":{"0":{"start":{"line":1,"column":16},"end":{"line":1,"column":34}},"1":{"start":{"line":2,"column":21},"end":{"line":2,"column":56}},"2":{"start":{"line":4,"column":15},"end":{"line":4,"column":31}},"3":{"start":{"line":6,"column":0},"end":{"line":11,"column":3}},"4":{"start":{"line":7,"column":21},"end":{"line":7,"column":30}},"5":{"start":{"line":8,"column":16},"end":{"line":8,"column":32}},"6":{"start":{"line":9,"column":2},"end":{"line":9,"column":72}},"7":{"start":{"line":9,"column":14},"end":{"line":9,"column":72}},"8":{"start":{"line":10,"column":2},"end":{"line":10,"column":18}},"9":{"start":{"line":13,"column":0},"end":{"line":13,"column":24}}},"fnMap":{"0":{"name":"(anonymous_0)","decl":{"start":{"line":6,"column":16},"end":{"line":6,"column":17}},"loc":{"start":{"line":6,"column":30},"end":{"line":11,"column":1}},"line":6}},"branchMap":{"0":{"loc":{"start":{"line":9,"column":2},"end":{"line":9,"column":72}},"type":"if","locations":[{"start":{"line":9,"column":2},"end":{"line":9,"column":72}},{"start":{},"end":{}}],"line":9}},"s":{"0":4,"1":4,"2":4,"3":4,"4":1,"5":1,"6":1,"7":0,"8":1,"9":4},"f":{"0":1},"b":{"0":[0,1]},"_coverageSchema":"1a1c01bbd47fc00a2c39e90264f33305004495a9","hash":"b6c71952d583c0cdaeeff0cbec2f82409b5b00ec"}
,"/Users/julian.schobert/git/Finance-API/src/services/accountService.js": {"path":"/Users/julian.schobert/git/Finance-API/src/services/accountService.js","statementMap":{"0":{"start":{"line":1,"column":15},"end":{"line":4,"column":1}},"1":{"start":{"line":6,"column":19},"end":{"line":15,"column":1}},"2":{"start":{"line":18,"column":2},"end":{"line":18,"column":18}},"3":{"start":{"line":22,"column":2},"end":{"line":22,"column":43}},"4":{"start":{"line":22,"column":30},"end":{"line":22,"column":41}},"5":{"start":{"line":26,"column":2},"end":{"line":26,"column":39}},"6":{"start":{"line":30,"column":18},"end":{"line":30,"column":43}},"7":{"start":{"line":31,"column":2},"end":{"line":31,"column":28}},"8":{"start":{"line":31,"column":16},"end":{"line":31,"column":28}},"9":{"start":{"line":33,"column":15},"end":{"line":33,"column":44}},"10":{"start":{"line":34,"column":16},"end":{"line":34,"column":72}},"11":{"start":{"line":34,"column":58},"end":{"line":34,"column":62}},"12":{"start":{"line":35,"column":17},"end":{"line":42,"column":3}},"13":{"start":{"line":44,"column":2},"end":{"line":48,"column":3}},"14":{"start":{"line":45,"column":4},"end":{"line":45,"column":72}},"15":{"start":{"line":46,"column":9},"end":{"line":48,"column":3}},"16":{"start":{"line":47,"column":4},"end":{"line":47,"column":72}},"17":{"start":{"line":50,"column":2},"end":{"line":50,"column":20}},"18":{"start":{"line":51,"column":2},"end":{"line":51,"column":33}},"19":{"start":{"line":52,"column":2},"end":{"line":52,"column":16}},"20":{"start":{"line":55,"column":0},"end":{"line":55,"column":84}}},"fnMap":{"0":{"name":"listAccounts","decl":{"start":{"line":17,"column":9},"end":{"line":17,"column":21}},"loc":{"start":{"line":17,"column":24},"end":{"line":19,"column":1}},"line":17},"1":{"name":"getAccountById","decl":{"start":{"line":21,"column":9},"end":{"line":21,"column":23}},"loc":{"start":{"line":21,"column":28},"end":{"line":23,"column":1}},"line":21},"2":{"name":"(anonymous_2)","decl":{"start":{"line":22,"column":23},"end":{"line":22,"column":24}},"loc":{"start":{"line":22,"column":30},"end":{"line":22,"column":41}},"line":22},"3":{"name":"listTransactions","decl":{"start":{"line":25,"column":9},"end":{"line":25,"column":25}},"loc":{"start":{"line":25,"column":37},"end":{"line":27,"column":1}},"line":25},"4":{"name":"addTransaction","decl":{"start":{"line":29,"column":9},"end":{"line":29,"column":23}},"loc":{"start":{"line":29,"column":40},"end":{"line":53,"column":1}},"line":29},"5":{"name":"(anonymous_5)","decl":{"start":{"line":34,"column":51},"end":{"line":34,"column":52}},"loc":{"start":{"line":34,"column":58},"end":{"line":34,"column":62}},"line":34}},"branchMap":{"0":{"loc":{"start":{"line":26,"column":9},"end":{"line":26,"column":38}},"type":"binary-expr","locations":[{"start":{"line":26,"column":9},"end":{"line":26,"column":32}},{"start":{"line":26,"column":36},"end":{"line":26,"column":38}}],"line":26},"1":{"loc":{"start":{"line":31,"column":2},"end":{"line":31,"column":28}},"type":"if","locations":[{"start":{"line":31,"column":2},"end":{"line":31,"column":28}},{"start":{},"end":{}}],"line":31},"2":{"loc":{"start":{"line":33,"column":15},"end":{"line":33,"column":44}},"type":"binary-expr","locations":[{"start":{"line":33,"column":15},"end":{"line":33,"column":38}},{"start":{"line":33,"column":42},"end":{"line":33,"column":44}}],"line":33},"3":{"loc":{"start":{"line":34,"column":16},"end":{"line":34,"column":72}},"type":"cond-expr","locations":[{"start":{"line":34,"column":30},"end":{"line":34,"column":68}},{"start":{"line":34,"column":71},"end":{"line":34,"column":72}}],"line":34},"4":{"loc":{"start":{"line":39,"column":14},"end":{"line":39,"column":46}},"type":"binary-expr","locations":[{"start":{"line":39,"column":14},"end":{"line":39,"column":26}},{"start":{"line":39,"column":30},"end":{"line":39,"column":46}}],"line":39},"5":{"loc":{"start":{"line":40,"column":17},"end":{"line":40,"column":38}},"type":"binary-expr","locations":[{"start":{"line":40,"column":17},"end":{"line":40,"column":32}},{"start":{"line":40,"column":36},"end":{"line":40,"column":38}}],"line":40},"6":{"loc":{"start":{"line":41,"column":10},"end":{"line":41,"column":59}},"type":"binary-expr","locations":[{"start":{"line":41,"column":10},"end":{"line":41,"column":18}},{"start":{"line":41,"column":22},"end":{"line":41,"column":59}}],"line":41},"7":{"loc":{"start":{"line":44,"column":2},"end":{"line":48,"column":3}},"type":"if","locations":[{"start":{"line":44,"column":2},"end":{"line":48,"column":3}},{"start":{"line":46,"column":9},"end":{"line":48,"column":3}}],"line":44},"8":{"loc":{"start":{"line":46,"column":9},"end":{"line":48,"column":3}},"type":"if","locations":[{"start":{"line":46,"column":9},"end":{"line":48,"column":3}},{"start":{},"end":{}}],"line":46}},"s":{"0":4,"1":4,"2":1,"3":1,"4":1,"5":0,"6":1,"7":1,"8":0,"9":1,"10":1,"11":2,"12":1,"13":1,"14":1,"15":0,"16":0,"17":1,"18":1,"19":1,"20":4},"f":{"0":1,"1":1,"2":1,"3":0,"4":1,"5":2},"b":{"0":[0,0],"1":[0,1],"2":[1,0],"3":[1,0],"4":[1,1],"5":[1,0],"6":[1,1],"7":[1,0],"8":[0,0]},"_coverageSchema":"1a1c01bbd47fc00a2c39e90264f33305004495a9","hash":"6600de8c9414a3b0caae48d7963fe5415883e152"}
,"/Users/julian.schobert/git/Finance-API/src/services/portfolioService.js": {"path":"/Users/julian.schobert/git/Finance-API/src/services/portfolioService.js","statementMap":{"0":{"start":{"line":1,"column":18},"end":{"line":9,"column":1}},"1":{"start":{"line":12,"column":2},"end":{"line":12,"column":19}},"2":{"start":{"line":15,"column":0},"end":{"line":15,"column":34}}},"fnMap":{"0":{"name":"getPortfolio","decl":{"start":{"line":11,"column":9},"end":{"line":11,"column":21}},"loc":{"start":{"line":11,"column":24},"end":{"line":13,"column":1}},"line":11}},"branchMap":{},"s":{"0":4,"1":1,"2":4},"f":{"0":1},"b":{},"_coverageSchema":"1a1c01bbd47fc00a2c39e90264f33305004495a9","hash":"4201af7015a1029d4dd2e775e6e99d1c582b9c50"}
,"/Users/julian.schobert/git/Finance-API/src/services/quoteService.js": {"path":"/Users/julian.schobert/git/Finance-API/src/services/quoteService.js","statementMap":{"0":{"start":{"line":1,"column":15},"end":{"line":5,"column":1}},"1":{"start":{"line":8,"column":2},"end":{"line":8,"column":27}},"2":{"start":{"line":8,"column":15},"end":{"line":8,"column":27}},"3":{"start":{"line":9,"column":16},"end":{"line":9,"column":36}},"4":{"start":{"line":10,"column":2},"end":{"line":10,"column":31}},"5":{"start":{"line":13,"column":0},"end":{"line":13,"column":30}}},"fnMap":{"0":{"name":"getQuote","decl":{"start":{"line":7,"column":9},"end":{"line":7,"column":17}},"loc":{"start":{"line":7,"column":26},"end":{"line":11,"column":1}},"line":7}},"branchMap":{"0":{"loc":{"start":{"line":8,"column":2},"end":{"line":8,"column":27}},"type":"if","locations":[{"start":{"line":8,"column":2},"end":{"line":8,"column":27}},{"start":{},"end":{}}],"line":8},"1":{"loc":{"start":{"line":10,"column":9},"end":{"line":10,"column":30}},"type":"binary-expr","locations":[{"start":{"line":10,"column":9},"end":{"line":10,"column":22}},{"start":{"line":10,"column":26},"end":{"line":10,"column":30}}],"line":10}},"s":{"0":4,"1":4,"2":0,"3":4,"4":4,"5":4},"f":{"0":4},"b":{"0":[0,4],"1":[4,0]},"_coverageSchema":"1a1c01bbd47fc00a2c39e90264f33305004495a9","hash":"179547ada79ae6c599f0e10bc3ecb5d6bf134cfa"}
}
