TN:
SF:src/app.js
FN:11,(anonymous_0)
FN:15,(anonymous_1)
FN:27,(anonymous_2)
FN:43,(anonymous_3)
FNF:4
FNH:1
FNDA:0,(anonymous_0)
FNDA:0,(anonymous_1)
FNDA:1,(anonymous_2)
FNDA:0,(anonymous_3)
DA:1,5
DA:2,5
DA:3,5
DA:4,5
DA:6,5
DA:7,5
DA:9,5
DA:11,5
DA:12,0
DA:15,5
DA:16,0
DA:23,5
DA:24,5
DA:25,5
DA:27,5
DA:28,1
DA:42,5
DA:43,0
DA:44,0
DA:48,5
DA:51,5
DA:52,5
LF:22
LH:18
BRDA:7,0,0,5
BRDA:7,0,1,5
BRDA:42,1,0,0
BRDA:42,1,1,5
BRF:4
BRH:3
end_of_record
TN:
SF:src/routes/accounts.js
FN:6,(anonymous_0)
FN:11,(anonymous_1)
FN:18,(anonymous_2)
FN:26,(anonymous_3)
FNF:4
FNH:2
FNDA:1,(anonymous_0)
FNDA:0,(anonymous_1)
FNDA:0,(anonymous_2)
FNDA:1,(anonymous_3)
DA:1,5
DA:2,5
DA:4,5
DA:6,5
DA:7,1
DA:8,1
DA:11,5
DA:12,0
DA:13,0
DA:14,0
DA:15,0
DA:18,5
DA:19,0
DA:20,0
DA:21,0
DA:22,0
DA:23,0
DA:26,5
DA:27,1
DA:28,1
DA:30,1
DA:31,0
DA:33,1
DA:34,0
DA:37,1
DA:38,1
DA:40,1
DA:43,5
LF:28
LH:17
BRDA:14,0,0,0
BRDA:14,0,1,0
BRDA:21,1,0,0
BRDA:21,1,1,0
BRDA:30,2,0,0
BRDA:30,2,1,1
BRDA:30,3,0,1
BRDA:30,3,1,1
BRDA:33,4,0,0
BRDA:33,4,1,1
BRDA:33,5,0,1
BRDA:33,5,1,1
BRDA:38,6,0,0
BRDA:38,6,1,1
BRF:14
BRH:7
end_of_record
TN:
SF:src/routes/analytics.js
FN:10,(anonymous_0)
FN:36,(anonymous_1)
FN:38,(anonymous_2)
FNF:3
FNH:3
FNDA:5,(anonymous_0)
FNDA:3,(anonymous_1)
FNDA:10,(anonymous_2)
DA:1,5
DA:2,5
DA:4,5
DA:10,5
DA:11,5
DA:14,5
DA:15,1
DA:21,4
DA:22,1
DA:28,3
DA:29,1
DA:36,2
DA:37,3
DA:39,10
DA:43,2
DA:44,1
DA:50,1
DA:51,1
DA:54,1
DA:55,0
DA:61,1
DA:66,0
DA:73,5
LF:23
LH:21
BRDA:11,0,0,5
BRDA:11,0,1,0
BRDA:14,1,0,1
BRDA:14,1,1,4
BRDA:14,2,0,5
BRDA:14,2,1,4
BRDA:21,3,0,1
BRDA:21,3,1,3
BRDA:28,4,0,1
BRDA:28,4,1,2
BRDA:39,5,0,10
BRDA:39,5,1,9
BRDA:43,6,0,1
BRDA:43,6,1,1
BRDA:43,7,0,2
BRDA:43,7,1,1
BRDA:54,8,0,0
BRDA:54,8,1,1
BRF:18
BRH:16
end_of_record
TN:
SF:src/routes/portfolio.js
FN:7,(anonymous_0)
FN:9,(anonymous_1)
FN:15,(anonymous_2)
FNF:3
FNH:3
FNDA:1,(anonymous_0)
FNDA:3,(anonymous_1)
FNDA:3,(anonymous_2)
DA:1,5
DA:2,5
DA:3,5
DA:5,5
DA:7,5
DA:8,1
DA:9,1
DA:10,3
DA:11,3
DA:12,3
DA:13,3
DA:15,3
DA:16,1
DA:19,5
LF:14
LH:14
BRDA:11,0,0,3
BRDA:11,0,1,0
BRDA:12,1,0,3
BRDA:12,1,1,0
BRDA:13,2,0,3
BRDA:13,2,1,0
BRDA:15,3,0,3
BRDA:15,3,1,0
BRF:8
BRH:4
end_of_record
TN:
SF:src/routes/quotes.js
FN:6,(anonymous_0)
FNF:1
FNH:1
FNDA:1,(anonymous_0)
DA:1,5
DA:2,5
DA:4,5
DA:6,5
DA:7,1
DA:8,1
DA:9,1
DA:10,1
DA:13,5
LF:9
LH:9
BRDA:9,0,0,0
BRDA:9,0,1,1
BRF:2
BRH:1
end_of_record
TN:
SF:src/services/accountService.js
FN:17,listAccounts
FN:21,getAccountById
FN:22,(anonymous_2)
FN:25,listTransactions
FN:29,addTransaction
FN:34,(anonymous_5)
FNF:6
FNH:5
FNDA:1,listAccounts
FNDA:1,getAccountById
FNDA:1,(anonymous_2)
FNDA:0,listTransactions
FNDA:1,addTransaction
FNDA:2,(anonymous_5)
DA:1,5
DA:6,5
DA:18,1
DA:22,1
DA:26,0
DA:30,1
DA:31,1
DA:33,1
DA:34,2
DA:35,1
DA:44,1
DA:45,1
DA:46,0
DA:47,0
DA:50,1
DA:51,1
DA:52,1
DA:55,5
LF:18
LH:15
BRDA:26,0,0,0
BRDA:26,0,1,0
BRDA:31,1,0,0
BRDA:31,1,1,1
BRDA:33,2,0,1
BRDA:33,2,1,0
BRDA:34,3,0,1
BRDA:34,3,1,0
BRDA:39,4,0,1
BRDA:39,4,1,1
BRDA:40,5,0,1
BRDA:40,5,1,0
BRDA:41,6,0,1
BRDA:41,6,1,1
BRDA:44,7,0,1
BRDA:44,7,1,0
BRDA:46,8,0,0
BRDA:46,8,1,0
BRF:18
BRH:9
end_of_record
TN:
SF:src/services/portfolioService.js
FN:11,getPortfolio
FNF:1
FNH:1
FNDA:1,getPortfolio
DA:1,5
DA:12,1
DA:15,5
LF:3
LH:3
BRF:0
BRH:0
end_of_record
TN:
SF:src/services/quoteService.js
FN:7,getQuote
FNF:1
FNH:1
FNDA:4,getQuote
DA:1,5
DA:8,4
DA:9,4
DA:10,4
DA:13,5
LF:5
LH:5
BRDA:8,0,0,0
BRDA:8,0,1,4
BRDA:10,1,0,4
BRDA:10,1,1,0
BRF:4
BRH:2
end_of_record
